[2025-07-25 15:20:01] cron.php lancé
notify_all() appelé
Envoi à sowmarieta013@gmail.com : SUCCÈS
Envoi à sowmagna013@gmail.com : SUCCÈS
Erreur détectée → Envoi d'alerte : http://httpstat.us/200
notify_all() appelé
Envoi à sowmarieta013@gmail.com : SUCCÈS
Envoi à sowmagna013@gmail.com : SUCCÈS
Erreur détectée → Envoi d'alerte : http://httpstat.us/500
notify_all() appelé
Envoi à sowmarieta013@gmail.com : SUCCÈS
Envoi à sowmagna013@gmail.com : SUCCÈS
Erreur détectée → Envoi d'alerte : http://httpstat.us/400
notify_all() appelé
Envoi à sowmarieta013@gmail.com : SUCCÈS
Envoi à sowmagna013@gmail.com : SUCCÈS
Erreur détectée → Envoi d'alerte : http://httpstat.us/300
notify_all() appelé
Envoi à sowmarieta013@gmail.com : SUCCÈS
Envoi à sowmagna013@gmail.com : SUCCÈS
Erreur détectée → Envoi d'alerte : http://httpstat.us/200
notify_all() appelé
Envoi à sowmarieta013@gmail.com : SUCCÈS
Envoi à sowmagna013@gmail.com : SUCCÈS
Erreur détectée → Envoi d'alerte : http://httpstat.us/200
notify_all() appelé
Envoi à sowmarieta013@gmail.com : SUCCÈS
Envoi à sowmagna013@gmail.com : SUCCÈS
Erreur détectée → Envoi d'alerte : http://httpstat.us/200
notify_all() appelé
Envoi à sowmarieta013@gmail.com : SUCCÈS
Envoi à sowmagna013@gmail.com : SUCCÈS
Erreur détectée → Envoi d'alerte : http://httpstat.us/200
notify_all() appelé
Envoi à sowmarieta013@gmail.com : SUCCÈS
Envoi à sowmagna013@gmail.com : SUCCÈS
Erreur détectée → Envoi d'alerte : https://www.google.com 
notify_all() appelé
Envoi à sowmarieta013@gmail.com : SUCCÈS
Envoi à sowmagna013@gmail.com : SUCCÈS
Erreur détectée → Envoi d'alerte : http://httpstat.us/200
notify_all() appelé
Envoi à sowmarieta013@gmail.com : SUCCÈS
Envoi à sowmagna013@gmail.com : SUCCÈS
Erreur détectée → Envoi d'alerte : http://httpstat.us/200
[2025-07-25 15:21:52] cron.php lancé
notify_all() appelé
Envoi à sowmarieta013@gmail.com : SUCCÈS
Envoi à sowmagna013@gmail.com : SUCCÈS
Erreur détectée → Envoi d'alerte : http://httpstat.us/200
notify_all() appelé
Envoi à sowmarieta013@gmail.com : SUCCÈS
Envoi à sowmagna013@gmail.com : SUCCÈS
Erreur détectée → Envoi d'alerte : http://httpstat.us/500
notify_all() appelé
Envoi à sowmarieta013@gmail.com : SUCCÈS
Envoi à sowmagna013@gmail.com : SUCCÈS
Erreur détectée → Envoi d'alerte : http://httpstat.us/200
notify_all() appelé
Envoi à sowmarieta013@gmail.com : SUCCÈS
Envoi à sowmagna013@gmail.com : SUCCÈS
Erreur détectée → Envoi d'alerte : http://httpstat.us/200
notify_all() appelé
Envoi à sowmarieta013@gmail.com : SUCCÈS
Envoi à sowmagna013@gmail.com : SUCCÈS
Erreur détectée → Envoi d'alerte : http://example.com
notify_all() appelé
Envoi à sowmarieta013@gmail.com : SUCCÈS
Envoi à sowmagna013@gmail.com : SUCCÈS
Erreur détectée → Envoi d'alerte : http://example.com
notify_all() appelé
Envoi à sowmarieta013@gmail.com : SUCCÈS
Envoi à sowmagna013@gmail.com : SUCCÈS
Erreur détectée → Envoi d'alerte : http://example.com
notify_all() appelé
Envoi à sowmarieta013@gmail.com : SUCCÈS
Envoi à sowmagna013@gmail.com : SUCCÈS
Erreur détectée → Envoi d'alerte : http://httpstat.us/200
notify_all() appelé
Envoi à sowmarieta013@gmail.com : SUCCÈS
Envoi à sowmagna013@gmail.com : SUCCÈS
Erreur détectée → Envoi d'alerte : http://example.com
notify_all() appelé
Envoi à sowmarieta013@gmail.com : SUCCÈS
Envoi à sowmagna013@gmail.com : SUCCÈS
Erreur détectée → Envoi d'alerte : http://example.com
notify_all() appelé
Envoi à sowmarieta013@gmail.com : SUCCÈS
Envoi à sowmagna013@gmail.com : SUCCÈS
Erreur détectée → Envoi d'alerte : http://httpstat.us/200
notify_all() appelé
Envoi à sowmarieta013@gmail.com : SUCCÈS
Envoi à sowmagna013@gmail.com : SUCCÈS
Erreur détectée → Envoi d'alerte : http://example.com
[2025-07-25 16:05:32] cron.php lancé
notify_all() appelé
Envoi à sowmarieta013@gmail.com : SUCCÈS
Envoi à sowmagna013@gmail.com : SUCCÈS
Erreur détectée → Envoi d'alerte : http://httpstat.us/200
notify_all() appelé
Envoi à sowmarieta013@gmail.com : SUCCÈS
Envoi à sowmagna013@gmail.com : SUCCÈS
Erreur détectée → Envoi d'alerte : http://httpstat.us/500
notify_all() appelé
Envoi à sowmarieta013@gmail.com : SUCCÈS
Envoi à sowmagna013@gmail.com : SUCCÈS
Erreur détectée → Envoi d'alerte : http://httpstat.us/400
notify_all() appelé
Envoi à sowmarieta013@gmail.com : SUCCÈS
Envoi à sowmagna013@gmail.com : SUCCÈS
Erreur détectée → Envoi d'alerte : http://httpstat.us/300
notify_all() appelé
Envoi à sowmarieta013@gmail.com : SUCCÈS
Envoi à sowmagna013@gmail.com : SUCCÈS
Erreur détectée → Envoi d'alerte : http://httpstat.us/200
notify_all() appelé
Envoi à sowmarieta013@gmail.com : SUCCÈS
Envoi à sowmagna013@gmail.com : SUCCÈS
Erreur détectée → Envoi d'alerte : http://httpstat.us/200
notify_all() appelé
Envoi à sowmarieta013@gmail.com : SUCCÈS
Envoi à sowmagna013@gmail.com : SUCCÈS
Erreur détectée → Envoi d'alerte : http://httpstat.us/200
notify_all() appelé
Envoi à sowmarieta013@gmail.com : SUCCÈS
Envoi à sowmagna013@gmail.com : SUCCÈS
Erreur détectée → Envoi d'alerte : http://httpstat.us/200
notify_all() appelé
Envoi à sowmarieta013@gmail.com : SUCCÈS
Envoi à sowmagna013@gmail.com : SUCCÈS
Erreur détectée → Envoi d'alerte : https://www.google.com 
notify_all() appelé
Envoi à sowmarieta013@gmail.com : SUCCÈS
Envoi à sowmagna013@gmail.com : SUCCÈS
Erreur détectée → Envoi d'alerte : http://httpstat.us/200
notify_all() appelé
Envoi à sowmarieta013@gmail.com : SUCCÈS
Envoi à sowmagna013@gmail.com : SUCCÈS
Erreur détectée → Envoi d'alerte : http://httpstat.us/200
[2025-07-25 16:09:02] cron.php lancé
notify_all() appelé
Envoi à sowmarieta013@gmail.com : SUCCÈS
Envoi à sowmagna013@gmail.com : SUCCÈS
Erreur détectée → Envoi d'alerte : http://httpstat.us/200
notify_all() appelé
Envoi à sowmarieta013@gmail.com : SUCCÈS
Envoi à sowmagna013@gmail.com : SUCCÈS
Erreur détectée → Envoi d'alerte : http://httpstat.us/500
notify_all() appelé
Envoi à sowmarieta013@gmail.com : SUCCÈS
Envoi à sowmagna013@gmail.com : SUCCÈS
Erreur détectée → Envoi d'alerte : http://httpstat.us/200
notify_all() appelé
Envoi à sowmarieta013@gmail.com : SUCCÈS
Envoi à sowmagna013@gmail.com : SUCCÈS
Erreur détectée → Envoi d'alerte : http://httpstat.us/200
notify_all() appelé
Envoi à sowmarieta013@gmail.com : SUCCÈS
Envoi à sowmagna013@gmail.com : SUCCÈS
Erreur détectée → Envoi d'alerte : http://httpstat.us/200
